<?xml version="1.0" encoding="UTF-8"?>
<!-- Generated by org.testng.reporters.JUnitReportReporter -->
<testsuite hostname="LIN80016799" failures="0" tests="1" name="com.learnautomation.testcases.LogInToPLDTCRM" time="6.364" errors="0" timestamp="17 Apr 2021 01:05:52 GMT" skipped="0">
  <testcase classname="com.learnautomation.testcases.LogInToPLDTCRM" name="loginApp" time="6.364"/>
</testsuite> <!-- com.learnautomation.testcases.LogInToPLDTCRM -->
